# Logfile created on 2014-01-09 12:29:53 +0000 by logger.rb/44203
I, [2014-01-09T12:29:53.286725 #50519]  INFO -- : 0:  blankslate (2.1.2.4) from /Users/luke/.rbenv/versions/2.1.0/lib/ruby/gems/2.1.0/specifications/blankslate-2.1.2.4.gemspec
I, [2014-01-09T12:29:55.005269 #50519]  INFO -- : 0:  fast-stemmer (1.0.2) from /Users/luke/.rbenv/versions/2.1.0/lib/ruby/gems/2.1.0/specifications/fast-stemmer-1.0.2.gemspec
I, [2014-01-09T12:29:56.096334 #50519]  INFO -- : 0:  classifier (1.3.4) from /Users/luke/.rbenv/versions/2.1.0/lib/ruby/gems/2.1.0/specifications/classifier-1.3.4.gemspec
I, [2014-01-09T12:29:57.206695 #50519]  INFO -- : 0:  colorator (0.1) from /Users/luke/.rbenv/versions/2.1.0/lib/ruby/gems/2.1.0/specifications/colorator-0.1.gemspec
I, [2014-01-09T12:29:59.478426 #50519]  INFO -- : 0:  highline (1.6.20) from /Users/luke/.rbenv/versions/2.1.0/lib/ruby/gems/2.1.0/specifications/highline-1.6.20.gemspec
I, [2014-01-09T12:30:01.064428 #50519]  INFO -- : 0:  commander (4.1.5) from /Users/luke/.rbenv/versions/2.1.0/lib/ruby/gems/2.1.0/specifications/commander-4.1.5.gemspec
I, [2014-01-09T12:30:06.896978 #50519]  INFO -- : 0:  ffi (1.9.3) from /Users/luke/.rbenv/versions/2.1.0/lib/ruby/gems/2.1.0/specifications/ffi-1.9.3.gemspec
I, [2014-01-09T12:30:08.059737 #50519]  INFO -- : 0:  liquid (2.5.4) from /Users/luke/.rbenv/versions/2.1.0/lib/ruby/gems/2.1.0/specifications/liquid-2.5.4.gemspec
I, [2014-01-09T12:30:09.320680 #50519]  INFO -- : 0:  rb-fsevent (0.9.4) from /Users/luke/.rbenv/versions/2.1.0/lib/ruby/gems/2.1.0/specifications/rb-fsevent-0.9.4.gemspec
I, [2014-01-09T12:30:10.522201 #50519]  INFO -- : 0:  rb-inotify (0.9.3) from /Users/luke/.rbenv/versions/2.1.0/lib/ruby/gems/2.1.0/specifications/rb-inotify-0.9.3.gemspec
I, [2014-01-09T12:30:11.987647 #50519]  INFO -- : 0:  rb-kqueue (0.2.0) from /Users/luke/.rbenv/versions/2.1.0/lib/ruby/gems/2.1.0/specifications/rb-kqueue-0.2.0.gemspec
I, [2014-01-09T12:30:13.289758 #50519]  INFO -- : 0:  listen (1.3.1) from /Users/luke/.rbenv/versions/2.1.0/lib/ruby/gems/2.1.0/specifications/listen-1.3.1.gemspec
I, [2014-01-09T12:30:14.743268 #50519]  INFO -- : 0:  maruku (0.7.0) from /Users/luke/.rbenv/versions/2.1.0/lib/ruby/gems/2.1.0/specifications/maruku-0.7.0.gemspec
I, [2014-01-09T12:30:16.540935 #50519]  INFO -- : 0:  posix-spawn (0.3.8) from /Users/luke/.rbenv/versions/2.1.0/lib/ruby/gems/2.1.0/specifications/posix-spawn-0.3.8.gemspec
I, [2014-01-09T12:30:20.051603 #50519]  INFO -- : 0:  yajl-ruby (1.1.0) from /Users/luke/.rbenv/versions/2.1.0/lib/ruby/gems/2.1.0/specifications/yajl-ruby-1.1.0.gemspec
I, [2014-01-09T12:30:25.870307 #50519]  INFO -- : 0:  pygments.rb (0.5.4) from /Users/luke/.rbenv/versions/2.1.0/lib/ruby/gems/2.1.0/specifications/pygments.rb-0.5.4.gemspec
I, [2014-01-09T12:30:28.432521 #50519]  INFO -- : 0:  redcarpet (2.3.0) from /Users/luke/.rbenv/versions/2.1.0/lib/ruby/gems/2.1.0/specifications/redcarpet-2.3.0.gemspec
I, [2014-01-09T12:30:29.480074 #50519]  INFO -- : 0:  safe_yaml (0.9.7) from /Users/luke/.rbenv/versions/2.1.0/lib/ruby/gems/2.1.0/specifications/safe_yaml-0.9.7.gemspec
I, [2014-01-09T12:30:30.628839 #50519]  INFO -- : 0:  parslet (1.5.0) from /Users/luke/.rbenv/versions/2.1.0/lib/ruby/gems/2.1.0/specifications/parslet-1.5.0.gemspec
I, [2014-01-09T12:30:31.695524 #50519]  INFO -- : 0:  toml (0.1.0) from /Users/luke/.rbenv/versions/2.1.0/lib/ruby/gems/2.1.0/specifications/toml-0.1.0.gemspec
I, [2014-01-09T12:30:33.436738 #50519]  INFO -- : 0:  jekyll (1.4.2) from /Users/luke/.rbenv/versions/2.1.0/lib/ruby/gems/2.1.0/specifications/jekyll-1.4.2.gemspec
I, [2014-01-09T12:30:33.437172 #50519]  INFO -- : 0:  bundler (1.5.1) from /Users/luke/.rbenv/versions/2.1.0/lib/ruby/gems/2.1.0/specifications/bundler-1.5.1.gemspec
I, [2014-01-09T12:57:10.975939 #54117]  INFO -- : 0:  RedCloth (4.2.9) from /Users/luke/.rbenv/versions/2.1.0/lib/ruby/gems/2.1.0/specifications/RedCloth-4.2.9.gemspec
I, [2014-01-09T12:57:10.976311 #54117]  INFO -- : 0:  blankslate (2.1.2.4) from /Users/luke/.rbenv/versions/2.1.0/lib/ruby/gems/2.1.0/specifications/blankslate-2.1.2.4.gemspec
I, [2014-01-09T12:57:10.976628 #54117]  INFO -- : 0:  fast-stemmer (1.0.2) from /Users/luke/.rbenv/versions/2.1.0/lib/ruby/gems/2.1.0/specifications/fast-stemmer-1.0.2.gemspec
I, [2014-01-09T12:57:10.976915 #54117]  INFO -- : 0:  classifier (1.3.4) from /Users/luke/.rbenv/versions/2.1.0/lib/ruby/gems/2.1.0/specifications/classifier-1.3.4.gemspec
I, [2014-01-09T12:57:10.977202 #54117]  INFO -- : 0:  colorator (0.1) from /Users/luke/.rbenv/versions/2.1.0/lib/ruby/gems/2.1.0/specifications/colorator-0.1.gemspec
I, [2014-01-09T12:57:10.977466 #54117]  INFO -- : 0:  highline (1.6.20) from /Users/luke/.rbenv/versions/2.1.0/lib/ruby/gems/2.1.0/specifications/highline-1.6.20.gemspec
I, [2014-01-09T12:57:10.977753 #54117]  INFO -- : 0:  commander (4.1.5) from /Users/luke/.rbenv/versions/2.1.0/lib/ruby/gems/2.1.0/specifications/commander-4.1.5.gemspec
I, [2014-01-09T12:57:10.978025 #54117]  INFO -- : 0:  ffi (1.9.3) from /Users/luke/.rbenv/versions/2.1.0/lib/ruby/gems/2.1.0/specifications/ffi-1.9.3.gemspec
I, [2014-01-09T12:57:10.978279 #54117]  INFO -- : 0:  liquid (2.5.4) from /Users/luke/.rbenv/versions/2.1.0/lib/ruby/gems/2.1.0/specifications/liquid-2.5.4.gemspec
I, [2014-01-09T12:57:10.978536 #54117]  INFO -- : 0:  rb-fsevent (0.9.4) from /Users/luke/.rbenv/versions/2.1.0/lib/ruby/gems/2.1.0/specifications/rb-fsevent-0.9.4.gemspec
I, [2014-01-09T12:57:10.978800 #54117]  INFO -- : 0:  rb-inotify (0.9.3) from /Users/luke/.rbenv/versions/2.1.0/lib/ruby/gems/2.1.0/specifications/rb-inotify-0.9.3.gemspec
I, [2014-01-09T12:57:10.979084 #54117]  INFO -- : 0:  rb-kqueue (0.2.0) from /Users/luke/.rbenv/versions/2.1.0/lib/ruby/gems/2.1.0/specifications/rb-kqueue-0.2.0.gemspec
I, [2014-01-09T12:57:10.979361 #54117]  INFO -- : 0:  listen (1.3.1) from /Users/luke/.rbenv/versions/2.1.0/lib/ruby/gems/2.1.0/specifications/listen-1.3.1.gemspec
I, [2014-01-09T12:57:10.979638 #54117]  INFO -- : 0:  maruku (0.7.0) from /Users/luke/.rbenv/versions/2.1.0/lib/ruby/gems/2.1.0/specifications/maruku-0.7.0.gemspec
I, [2014-01-09T12:57:10.979896 #54117]  INFO -- : 0:  posix-spawn (0.3.8) from /Users/luke/.rbenv/versions/2.1.0/lib/ruby/gems/2.1.0/specifications/posix-spawn-0.3.8.gemspec
I, [2014-01-09T12:57:10.980156 #54117]  INFO -- : 0:  yajl-ruby (1.1.0) from /Users/luke/.rbenv/versions/2.1.0/lib/ruby/gems/2.1.0/specifications/yajl-ruby-1.1.0.gemspec
I, [2014-01-09T12:57:10.980438 #54117]  INFO -- : 0:  pygments.rb (0.5.4) from /Users/luke/.rbenv/versions/2.1.0/lib/ruby/gems/2.1.0/specifications/pygments.rb-0.5.4.gemspec
I, [2014-01-09T12:57:10.980705 #54117]  INFO -- : 0:  redcarpet (2.3.0) from /Users/luke/.rbenv/versions/2.1.0/lib/ruby/gems/2.1.0/specifications/redcarpet-2.3.0.gemspec
I, [2014-01-09T12:57:10.980981 #54117]  INFO -- : 0:  safe_yaml (0.9.7) from /Users/luke/.rbenv/versions/2.1.0/lib/ruby/gems/2.1.0/specifications/safe_yaml-0.9.7.gemspec
I, [2014-01-09T12:57:10.981248 #54117]  INFO -- : 0:  parslet (1.5.0) from /Users/luke/.rbenv/versions/2.1.0/lib/ruby/gems/2.1.0/specifications/parslet-1.5.0.gemspec
I, [2014-01-09T12:57:10.981545 #54117]  INFO -- : 0:  toml (0.1.0) from /Users/luke/.rbenv/versions/2.1.0/lib/ruby/gems/2.1.0/specifications/toml-0.1.0.gemspec
I, [2014-01-09T12:57:10.981803 #54117]  INFO -- : 0:  jekyll (1.4.2) from /Users/luke/.rbenv/versions/2.1.0/lib/ruby/gems/2.1.0/specifications/jekyll-1.4.2.gemspec
I, [2014-01-09T12:57:10.982072 #54117]  INFO -- : 0:  kramdown (1.2.0) from /Users/luke/.rbenv/versions/2.1.0/lib/ruby/gems/2.1.0/specifications/kramdown-1.2.0.gemspec
I, [2014-01-09T12:57:10.982329 #54117]  INFO -- : 0:  rdiscount (2.1.7) from /Users/luke/.rbenv/versions/2.1.0/lib/ruby/gems/2.1.0/specifications/rdiscount-2.1.7.gemspec
I, [2014-01-09T12:57:10.982598 #54117]  INFO -- : 0:  github-pages (12) from /Users/luke/.rbenv/versions/2.1.0/lib/ruby/gems/2.1.0/specifications/github-pages-12.gemspec
I, [2014-01-09T12:57:10.982834 #54117]  INFO -- : 0:  bundler (1.5.1) from /Users/luke/.rbenv/versions/2.1.0/lib/ruby/gems/2.1.0/specifications/bundler-1.5.1.gemspec
